<?xml version="1.0" encoding="UTF-8"?>
<testsuite name="co.edu.uvpalmira.fpoe.persistencia.AsignaturaDAOTest" tests="1" skipped="0" failures="0" errors="0" timestamp="2026-05-20T23:02:37" hostname="PAL-53990074" time="2.723">
  <properties/>
  <testcase name="testBuscarPorCodigo" classname="co.edu.uvpalmira.fpoe.persistencia.AsignaturaDAOTest" time="2.723"/>
  <system-out><![CDATA[[EL Info]: 2026-05-20 18:02:38.961--ServerSession(996584564)--EclipseLink, version: Eclipse Persistence Services - 4.0.8.v202509250753-f4449e70fdbe80ebeabd5e04bd3ad95033bf75b6
Insertar
Buscar
]]></system-out>
  <system-err><![CDATA[]]></system-err>
</testsuite>
